<?xml version="1.0" encoding="UTF-8"?>
<testsuite name="frc.robot.util.SmoothDampTest" tests="2" skipped="0" failures="0" errors="0" timestamp="2020-01-10T05:53:56" hostname="DESKTOP-A4IT8H2" time="0.0">
  <properties/>
  <testcase name="smoothDampStepsize10" classname="frc.robot.util.SmoothDampTest" time="0.0"/>
  <testcase name="smoothDampStepsize1" classname="frc.robot.util.SmoothDampTest" time="0.0"/>
  <system-out><![CDATA[]]></system-out>
  <system-err><![CDATA[]]></system-err>
</testsuite>
