<?xml version="1.0" encoding="UTF-8"?>
<testsuite name="frc.robot.RobotTest" tests="1" skipped="0" failures="0" errors="0" timestamp="2020-01-14T07:06:15" hostname="DESKTOP-PUUCM64" time="0.001">
  <properties/>
  <testcase name="uselessTest" classname="frc.robot.RobotTest" time="0.001"/>
  <system-out><![CDATA[]]></system-out>
  <system-err><![CDATA[]]></system-err>
</testsuite>
